[debug] [2026-03-31T17:01:16.305Z] ----------------------------------------------------------------------
[debug] [2026-03-31T17:01:16.307Z] Command:       /usr/local/bin/firebase /Users/jmarquez/.cache/firebase/tools/lib/node_modules/firebase-tools/lib/bin/firebase deploy --only hosting
[debug] [2026-03-31T17:01:16.307Z] CLI Version:   13.34.0
[debug] [2026-03-31T17:01:16.308Z] Platform:      darwin
[debug] [2026-03-31T17:01:16.308Z] Node Version:  v18.5.0
[debug] [2026-03-31T17:01:16.309Z] Time:          Tue Mar 31 2026 14:01:16 GMT-0300 (GMT-03:00)
[debug] [2026-03-31T17:01:16.310Z] ----------------------------------------------------------------------
[debug] 
[debug] [2026-03-31T17:01:16.524Z] > command requires scopes: ["email","openid","https://www.googleapis.com/auth/cloudplatformprojects.readonly","https://www.googleapis.com/auth/firebase","https://www.googleapis.com/auth/cloud-platform"]
[debug] [2026-03-31T17:01:16.525Z] > authorizing via signed-in user (jmarquez@favric.cl)
[debug] [2026-03-31T17:01:16.525Z] [iam] checking project inarco-webapp for permissions ["firebase.projects.get","firebasehosting.sites.update"]
[debug] [2026-03-31T17:01:16.526Z] Checked if tokens are valid: true, expires at: 1774979194826
[debug] [2026-03-31T17:01:16.526Z] Checked if tokens are valid: true, expires at: 1774979194826
[debug] [2026-03-31T17:01:16.528Z] >>> [apiv2][query] POST https://cloudresourcemanager.googleapis.com/v1/projects/inarco-webapp:testIamPermissions [none]
[debug] [2026-03-31T17:01:16.528Z] >>> [apiv2][(partial)header] POST https://cloudresourcemanager.googleapis.com/v1/projects/inarco-webapp:testIamPermissions x-goog-quota-user=projects/inarco-webapp
[debug] [2026-03-31T17:01:16.528Z] >>> [apiv2][body] POST https://cloudresourcemanager.googleapis.com/v1/projects/inarco-webapp:testIamPermissions {"permissions":["firebase.projects.get","firebasehosting.sites.update"]}
[debug] [2026-03-31T17:01:17.572Z] <<< [apiv2][status] POST https://cloudresourcemanager.googleapis.com/v1/projects/inarco-webapp:testIamPermissions 200
[debug] [2026-03-31T17:01:17.572Z] <<< [apiv2][body] POST https://cloudresourcemanager.googleapis.com/v1/projects/inarco-webapp:testIamPermissions {}
[debug] [2026-03-31T17:01:17.572Z] [iam] error while checking permissions, command may fail: Authorization failed. This account is missing the following required permissions on project inarco-webapp:

  firebase.projects.get
  firebasehosting.sites.update
[debug] [2026-03-31T17:01:17.573Z] Checked if tokens are valid: true, expires at: 1774979194826
[debug] [2026-03-31T17:01:17.573Z] Checked if tokens are valid: true, expires at: 1774979194826
[debug] [2026-03-31T17:01:17.574Z] >>> [apiv2][query] GET https://firebase.googleapis.com/v1beta1/projects/inarco-webapp [none]
[debug] [2026-03-31T17:01:17.890Z] <<< [apiv2][status] GET https://firebase.googleapis.com/v1beta1/projects/inarco-webapp 403
[debug] [2026-03-31T17:01:17.890Z] <<< [apiv2][body] GET https://firebase.googleapis.com/v1beta1/projects/inarco-webapp {"error":{"code":403,"message":"The caller does not have permission","status":"PERMISSION_DENIED"}}
[debug] [2026-03-31T17:01:17.891Z] Request to https://firebase.googleapis.com/v1beta1/projects/inarco-webapp had HTTP Error: 403, The caller does not have permission
[debug] [2026-03-31T17:01:17.892Z] FirebaseError: Request to https://firebase.googleapis.com/v1beta1/projects/inarco-webapp had HTTP Error: 403, The caller does not have permission
    at responseToError (/Users/jmarquez/.cache/firebase/tools/lib/node_modules/firebase-tools/lib/responseToError.js:52:12)
    at RetryOperation._fn (/Users/jmarquez/.cache/firebase/tools/lib/node_modules/firebase-tools/lib/apiv2.js:312:77)
    at process.processTicksAndRejections (node:internal/process/task_queues:95:5)
[error] 
[error] Error: Failed to get Firebase project inarco-webapp. Please make sure the project exists and your account has permission to access it.
